<?xml version="1.0" encoding="UTF-8"?>
<!-- Generated by org.testng.reporters.JUnitReportReporter -->
<testsuite skipped="0" hostname="DESKTOP-R5MF0VM" name="com.crm.qa.testcases.LoginPageTest" tests="3" failures="0" timestamp="31 May 2018 00:02:43 GMT" time="48.623" errors="0">
  <testcase name="loginPageTiteTest" time="14.120" classname="com.crm.qa.testcases.LoginPageTest"/>
  <testcase name="crmImgTest" time="11.761" classname="com.crm.qa.testcases.LoginPageTest"/>
  <testcase name="loginTest" time="22.742" classname="com.crm.qa.testcases.LoginPageTest"/>
</testsuite> <!-- com.crm.qa.testcases.LoginPageTest -->
